<?xml version="1.0" encoding="UTF-8"?>
<testsuite xmlns:xsi="http://www.w3.org/2001/XMLSchema-instance" xsi:noNamespaceSchemaLocation="https://maven.apache.org/surefire/maven-surefire-plugin/xsd/surefire-test-report.xsd" name="org.boot.service.AppTest" time="0.034" tests="1" errors="0" skipped="0" failures="0">
  <properties>
    <property name="sun.desktop" value="windows"/>
    <property name="awt.toolkit" value="sun.awt.windows.WToolkit"/>
    <property name="file.encoding.pkg" value="sun.io"/>
    <property name="java.specification.version" value="1.8"/>
    <property name="sun.cpu.isalist" value="amd64"/>
    <property name="sun.jnu.encoding" value="GBK"/>
    <property name="java.class.path" value="D:\new_workspace\boot-parent\boot-service\target\test-classes;D:\new_workspace\boot-parent\boot-service\target\classes;D:\new_maven\repos\junit\junit\4.12\junit-4.12.jar;D:\new_maven\repos\org\hamcrest\hamcrest-core\1.3\hamcrest-core-1.3.jar;D:\new_maven\repos\com\jian\boot-common\0.0.1-SNAPSHOT\boot-common-0.0.1-SNAPSHOT.jar;D:\new_maven\repos\com\jian\boot-dao\0.0.1-SNAPSHOT\boot-dao-0.0.1-SNAPSHOT.jar;D:\new_maven\repos\org\springframework\boot\spring-boot-starter-web\2.1.0.RELEASE\spring-boot-starter-web-2.1.0.RELEASE.jar;D:\new_maven\repos\org\springframework\boot\spring-boot-starter\2.1.0.RELEASE\spring-boot-starter-2.1.0.RELEASE.jar;D:\new_maven\repos\org\springframework\boot\spring-boot\2.1.0.RELEASE\spring-boot-2.1.0.RELEASE.jar;D:\new_maven\repos\javax\annotation\javax.annotation-api\1.3.2\javax.annotation-api-1.3.2.jar;D:\new_maven\repos\org\springframework\spring-core\5.1.2.RELEASE\spring-core-5.1.2.RELEASE.jar;D:\new_maven\repos\org\springframework\spring-jcl\5.1.2.RELEASE\spring-jcl-5.1.2.RELEASE.jar;D:\new_maven\repos\org\yaml\snakeyaml\1.23\snakeyaml-1.23.jar;D:\new_maven\repos\org\springframework\boot\spring-boot-starter-json\2.1.0.RELEASE\spring-boot-starter-json-2.1.0.RELEASE.jar;D:\new_maven\repos\com\fasterxml\jackson\core\jackson-databind\2.9.8\jackson-databind-2.9.8.jar;D:\new_maven\repos\com\fasterxml\jackson\core\jackson-annotations\2.9.0\jackson-annotations-2.9.0.jar;D:\new_maven\repos\com\fasterxml\jackson\core\jackson-core\2.9.8\jackson-core-2.9.8.jar;D:\new_maven\repos\com\fasterxml\jackson\datatype\jackson-datatype-jdk8\2.9.8\jackson-datatype-jdk8-2.9.8.jar;D:\new_maven\repos\com\fasterxml\jackson\datatype\jackson-datatype-jsr310\2.9.8\jackson-datatype-jsr310-2.9.8.jar;D:\new_maven\repos\com\fasterxml\jackson\module\jackson-module-parameter-names\2.9.8\jackson-module-parameter-names-2.9.8.jar;D:\new_maven\repos\org\springframework\boot\spring-boot-starter-tomcat\2.1.0.RELEASE\spring-boot-starter-tomcat-2.1.0.RELEASE.jar;D:\new_maven\repos\org\apache\tomcat\embed\tomcat-embed-core\9.0.12\tomcat-embed-core-9.0.12.jar;D:\new_maven\repos\org\apache\tomcat\embed\tomcat-embed-el\9.0.12\tomcat-embed-el-9.0.12.jar;D:\new_maven\repos\org\apache\tomcat\embed\tomcat-embed-websocket\9.0.12\tomcat-embed-websocket-9.0.12.jar;D:\new_maven\repos\org\hibernate\validator\hibernate-validator\6.0.13.Final\hibernate-validator-6.0.13.Final.jar;D:\new_maven\repos\javax\validation\validation-api\2.0.1.Final\validation-api-2.0.1.Final.jar;D:\new_maven\repos\org\jboss\logging\jboss-logging\3.3.2.Final\jboss-logging-3.3.2.Final.jar;D:\new_maven\repos\org\springframework\spring-web\5.1.2.RELEASE\spring-web-5.1.2.RELEASE.jar;D:\new_maven\repos\org\springframework\spring-beans\5.1.2.RELEASE\spring-beans-5.1.2.RELEASE.jar;D:\new_maven\repos\org\springframework\spring-webmvc\5.1.2.RELEASE\spring-webmvc-5.1.2.RELEASE.jar;D:\new_maven\repos\org\springframework\spring-aop\5.1.2.RELEASE\spring-aop-5.1.2.RELEASE.jar;D:\new_maven\repos\org\springframework\spring-context\5.1.2.RELEASE\spring-context-5.1.2.RELEASE.jar;D:\new_maven\repos\org\springframework\spring-expression\5.1.2.RELEASE\spring-expression-5.1.2.RELEASE.jar;D:\new_maven\repos\org\mybatis\spring\boot\mybatis-spring-boot-starter\2.0.0\mybatis-spring-boot-starter-2.0.0.jar;D:\new_maven\repos\org\springframework\boot\spring-boot-starter-jdbc\2.1.0.RELEASE\spring-boot-starter-jdbc-2.1.0.RELEASE.jar;D:\new_maven\repos\com\zaxxer\HikariCP\3.2.0\HikariCP-3.2.0.jar;D:\new_maven\repos\org\springframework\spring-jdbc\5.1.2.RELEASE\spring-jdbc-5.1.2.RELEASE.jar;D:\new_maven\repos\org\springframework\spring-tx\5.1.2.RELEASE\spring-tx-5.1.2.RELEASE.jar;D:\new_maven\repos\org\mybatis\spring\boot\mybatis-spring-boot-autoconfigure\2.0.0\mybatis-spring-boot-autoconfigure-2.0.0.jar;D:\new_maven\repos\org\mybatis\mybatis\3.5.0\mybatis-3.5.0.jar;D:\new_maven\repos\org\mybatis\mybatis-spring\2.0.0\mybatis-spring-2.0.0.jar;D:\new_maven\repos\org\projectlombok\lombok\1.18.2\lombok-1.18.2.jar;D:\new_maven\repos\com\alibaba\druid-spring-boot-starter\1.1.10\druid-spring-boot-starter-1.1.10.jar;D:\new_maven\repos\com\alibaba\druid\1.1.10\druid-1.1.10.jar;D:\new_maven\repos\org\slf4j\slf4j-api\1.7.25\slf4j-api-1.7.25.jar;D:\new_maven\repos\org\springframework\boot\spring-boot-autoconfigure\2.1.0.RELEASE\spring-boot-autoconfigure-2.1.0.RELEASE.jar;D:\new_maven\repos\mysql\mysql-connector-java\8.0.13\mysql-connector-java-8.0.13.jar;D:\new_maven\repos\com\github\pagehelper\pagehelper-spring-boot-starter\1.2.10\pagehelper-spring-boot-starter-1.2.10.jar;D:\new_maven\repos\com\github\pagehelper\pagehelper-spring-boot-autoconfigure\1.2.10\pagehelper-spring-boot-autoconfigure-1.2.10.jar;D:\new_maven\repos\com\github\pagehelper\pagehelper\5.1.8\pagehelper-5.1.8.jar;D:\new_maven\repos\com\github\jsqlparser\jsqlparser\1.2\jsqlparser-1.2.jar;D:\new_maven\repos\org\json\json\20150729\json-20150729.jar;D:\new_maven\repos\com\alibaba\fastjson\1.1.41\fastjson-1.1.41.jar;D:\new_maven\repos\org\springframework\boot\spring-boot-starter-log4j2\2.1.0.RELEASE\spring-boot-starter-log4j2-2.1.0.RELEASE.jar;D:\new_maven\repos\org\apache\logging\log4j\log4j-slf4j-impl\2.11.1\log4j-slf4j-impl-2.11.1.jar;D:\new_maven\repos\org\apache\logging\log4j\log4j-api\2.11.1\log4j-api-2.11.1.jar;D:\new_maven\repos\org\apache\logging\log4j\log4j-core\2.11.1\log4j-core-2.11.1.jar;D:\new_maven\repos\org\apache\logging\log4j\log4j-jul\2.11.1\log4j-jul-2.11.1.jar;D:\new_maven\repos\org\slf4j\jul-to-slf4j\1.7.25\jul-to-slf4j-1.7.25.jar;D:\new_maven\repos\org\apache\shiro\shiro-spring\1.4.0\shiro-spring-1.4.0.jar;D:\new_maven\repos\org\apache\shiro\shiro-core\1.4.0\shiro-core-1.4.0.jar;D:\new_maven\repos\org\apache\shiro\shiro-lang\1.4.0\shiro-lang-1.4.0.jar;D:\new_maven\repos\org\apache\shiro\shiro-cache\1.4.0\shiro-cache-1.4.0.jar;D:\new_maven\repos\org\apache\shiro\shiro-crypto-hash\1.4.0\shiro-crypto-hash-1.4.0.jar;D:\new_maven\repos\org\apache\shiro\shiro-crypto-core\1.4.0\shiro-crypto-core-1.4.0.jar;D:\new_maven\repos\org\apache\shiro\shiro-crypto-cipher\1.4.0\shiro-crypto-cipher-1.4.0.jar;D:\new_maven\repos\org\apache\shiro\shiro-config-core\1.4.0\shiro-config-core-1.4.0.jar;D:\new_maven\repos\org\apache\shiro\shiro-config-ogdl\1.4.0\shiro-config-ogdl-1.4.0.jar;D:\new_maven\repos\commons-beanutils\commons-beanutils\1.9.3\commons-beanutils-1.9.3.jar;D:\new_maven\repos\commons-collections\commons-collections\3.2.2\commons-collections-3.2.2.jar;D:\new_maven\repos\org\apache\shiro\shiro-event\1.4.0\shiro-event-1.4.0.jar;D:\new_maven\repos\org\apache\shiro\shiro-web\1.4.0\shiro-web-1.4.0.jar;D:\new_maven\repos\org\apache\commons\commons-lang3\3.8.1\commons-lang3-3.8.1.jar;D:\new_maven\repos\io\springfox\springfox-swagger-ui\2.9.2\springfox-swagger-ui-2.9.2.jar;D:\new_maven\repos\io\springfox\springfox-spring-web\2.9.2\springfox-spring-web-2.9.2.jar;D:\new_maven\repos\io\springfox\springfox-swagger2\2.9.2\springfox-swagger2-2.9.2.jar;D:\new_maven\repos\io\swagger\swagger-annotations\1.5.20\swagger-annotations-1.5.20.jar;D:\new_maven\repos\io\swagger\swagger-models\1.5.20\swagger-models-1.5.20.jar;D:\new_maven\repos\io\springfox\springfox-spi\2.9.2\springfox-spi-2.9.2.jar;D:\new_maven\repos\io\springfox\springfox-core\2.9.2\springfox-core-2.9.2.jar;D:\new_maven\repos\net\bytebuddy\byte-buddy\1.9.3\byte-buddy-1.9.3.jar;D:\new_maven\repos\io\springfox\springfox-schema\2.9.2\springfox-schema-2.9.2.jar;D:\new_maven\repos\io\springfox\springfox-swagger-common\2.9.2\springfox-swagger-common-2.9.2.jar;D:\new_maven\repos\com\fasterxml\classmate\1.4.0\classmate-1.4.0.jar;D:\new_maven\repos\org\springframework\plugin\spring-plugin-core\1.2.0.RELEASE\spring-plugin-core-1.2.0.RELEASE.jar;D:\new_maven\repos\org\springframework\plugin\spring-plugin-metadata\1.2.0.RELEASE\spring-plugin-metadata-1.2.0.RELEASE.jar;D:\new_maven\repos\org\mapstruct\mapstruct\1.2.0.Final\mapstruct-1.2.0.Final.jar;D:\new_maven\repos\com\google\guava\guava\27.0.1-jre\guava-27.0.1-jre.jar;D:\new_maven\repos\com\google\guava\failureaccess\1.0.1\failureaccess-1.0.1.jar;D:\new_maven\repos\com\google\guava\listenablefuture\9999.0-empty-to-avoid-conflict-with-guava\listenablefuture-9999.0-empty-to-avoid-conflict-with-guava.jar;D:\new_maven\repos\com\google\code\findbugs\jsr305\3.0.2\jsr305-3.0.2.jar;D:\new_maven\repos\org\checkerframework\checker-qual\2.5.2\checker-qual-2.5.2.jar;D:\new_maven\repos\com\google\errorprone\error_prone_annotations\2.2.0\error_prone_annotations-2.2.0.jar;D:\new_maven\repos\com\google\j2objc\j2objc-annotations\1.1\j2objc-annotations-1.1.jar;D:\new_maven\repos\org\codehaus\mojo\animal-sniffer-annotations\1.17\animal-sniffer-annotations-1.17.jar;D:\new_maven\repos\com\sun\jna\jna\4.5.1\jna-4.5.1.jar;D:\new_maven\repos\io\grpc\grpc-netty\1.18.0\grpc-netty-1.18.0.jar;D:\new_maven\repos\io\grpc\grpc-core\1.18.0\grpc-core-1.18.0.jar;D:\new_maven\repos\io\grpc\grpc-context\1.18.0\grpc-context-1.18.0.jar;D:\new_maven\repos\com\google\code\gson\gson\2.8.5\gson-2.8.5.jar;D:\new_maven\repos\io\opencensus\opencensus-api\0.18.0\opencensus-api-0.18.0.jar;D:\new_maven\repos\io\opencensus\opencensus-contrib-grpc-metrics\0.18.0\opencensus-contrib-grpc-metrics-0.18.0.jar;D:\new_maven\repos\io\netty\netty-codec-http2\4.1.29.Final\netty-codec-http2-4.1.29.Final.jar;D:\new_maven\repos\io\netty\netty-codec-http\4.1.29.Final\netty-codec-http-4.1.29.Final.jar;D:\new_maven\repos\io\netty\netty-codec\4.1.29.Final\netty-codec-4.1.29.Final.jar;D:\new_maven\repos\io\netty\netty-handler\4.1.29.Final\netty-handler-4.1.29.Final.jar;D:\new_maven\repos\io\netty\netty-buffer\4.1.29.Final\netty-buffer-4.1.29.Final.jar;D:\new_maven\repos\io\netty\netty-common\4.1.29.Final\netty-common-4.1.29.Final.jar;D:\new_maven\repos\io\netty\netty-transport\4.1.29.Final\netty-transport-4.1.29.Final.jar;D:\new_maven\repos\io\netty\netty-resolver\4.1.29.Final\netty-resolver-4.1.29.Final.jar;D:\new_maven\repos\io\grpc\grpc-protobuf\1.18.0\grpc-protobuf-1.18.0.jar;D:\new_maven\repos\com\google\protobuf\protobuf-java\3.5.1\protobuf-java-3.5.1.jar;D:\new_maven\repos\org\checkerframework\checker-compat-qual\2.5.2\checker-compat-qual-2.5.2.jar;D:\new_maven\repos\com\google\api\grpc\proto-google-common-protos\1.12.0\proto-google-common-protos-1.12.0.jar;D:\new_maven\repos\io\grpc\grpc-protobuf-lite\1.18.0\grpc-protobuf-lite-1.18.0.jar;D:\new_maven\repos\io\grpc\grpc-stub\1.18.0\grpc-stub-1.18.0.jar;D:\new_maven\repos\net\devh\grpc-server-spring-boot-starter\2.2.0.RELEASE\grpc-server-spring-boot-starter-2.2.0.RELEASE.jar;D:\new_maven\repos\net\devh\grpc-server-spring-boot-autoconfigure\2.2.0.RELEASE\grpc-server-spring-boot-autoconfigure-2.2.0.RELEASE.jar;D:\new_maven\repos\net\devh\grpc-common-spring-boot\2.2.0.RELEASE\grpc-common-spring-boot-2.2.0.RELEASE.jar;D:\new_maven\repos\io\grpc\grpc-services\1.17.1\grpc-services-1.17.1.jar;D:\new_maven\repos\com\google\protobuf\protobuf-java-util\3.5.1\protobuf-java-util-3.5.1.jar;D:\new_maven\repos\com\google\re2j\re2j\1.2\re2j-1.2.jar;"/>
    <property name="java.vm.vendor" value="Oracle Corporation"/>
    <property name="sun.arch.data.model" value="64"/>
    <property name="user.variant" value=""/>
    <property name="java.vendor.url" value="http://java.oracle.com/"/>
    <property name="user.timezone" value="GMT+08:00"/>
    <property name="java.vm.specification.version" value="1.8"/>
    <property name="os.name" value="Windows 8.1"/>
    <property name="user.country" value="CN"/>
    <property name="sun.java.launcher" value="SUN_STANDARD"/>
    <property name="sun.boot.library.path" value="C:\Program Files\Java\jdk1.8.0_181\jre\bin"/>
    <property name="sun.java.command" value="C:\Users\简二娃\AppData\Local\Temp\surefire5091064696810291035\surefirebooter3512108231476681506.jar C:\Users\简二娃\AppData\Local\Temp\surefire5091064696810291035 2019-02-21T15-18-39_959-jvmRun1 surefire5558967417557176004tmp surefire_03643311464920252144tmp"/>
    <property name="surefire.test.class.path" value="D:\new_workspace\boot-parent\boot-service\target\test-classes;D:\new_workspace\boot-parent\boot-service\target\classes;D:\new_maven\repos\junit\junit\4.12\junit-4.12.jar;D:\new_maven\repos\org\hamcrest\hamcrest-core\1.3\hamcrest-core-1.3.jar;D:\new_maven\repos\com\jian\boot-common\0.0.1-SNAPSHOT\boot-common-0.0.1-SNAPSHOT.jar;D:\new_maven\repos\com\jian\boot-dao\0.0.1-SNAPSHOT\boot-dao-0.0.1-SNAPSHOT.jar;D:\new_maven\repos\org\springframework\boot\spring-boot-starter-web\2.1.0.RELEASE\spring-boot-starter-web-2.1.0.RELEASE.jar;D:\new_maven\repos\org\springframework\boot\spring-boot-starter\2.1.0.RELEASE\spring-boot-starter-2.1.0.RELEASE.jar;D:\new_maven\repos\org\springframework\boot\spring-boot\2.1.0.RELEASE\spring-boot-2.1.0.RELEASE.jar;D:\new_maven\repos\javax\annotation\javax.annotation-api\1.3.2\javax.annotation-api-1.3.2.jar;D:\new_maven\repos\org\springframework\spring-core\5.1.2.RELEASE\spring-core-5.1.2.RELEASE.jar;D:\new_maven\repos\org\springframework\spring-jcl\5.1.2.RELEASE\spring-jcl-5.1.2.RELEASE.jar;D:\new_maven\repos\org\yaml\snakeyaml\1.23\snakeyaml-1.23.jar;D:\new_maven\repos\org\springframework\boot\spring-boot-starter-json\2.1.0.RELEASE\spring-boot-starter-json-2.1.0.RELEASE.jar;D:\new_maven\repos\com\fasterxml\jackson\core\jackson-databind\2.9.8\jackson-databind-2.9.8.jar;D:\new_maven\repos\com\fasterxml\jackson\core\jackson-annotations\2.9.0\jackson-annotations-2.9.0.jar;D:\new_maven\repos\com\fasterxml\jackson\core\jackson-core\2.9.8\jackson-core-2.9.8.jar;D:\new_maven\repos\com\fasterxml\jackson\datatype\jackson-datatype-jdk8\2.9.8\jackson-datatype-jdk8-2.9.8.jar;D:\new_maven\repos\com\fasterxml\jackson\datatype\jackson-datatype-jsr310\2.9.8\jackson-datatype-jsr310-2.9.8.jar;D:\new_maven\repos\com\fasterxml\jackson\module\jackson-module-parameter-names\2.9.8\jackson-module-parameter-names-2.9.8.jar;D:\new_maven\repos\org\springframework\boot\spring-boot-starter-tomcat\2.1.0.RELEASE\spring-boot-starter-tomcat-2.1.0.RELEASE.jar;D:\new_maven\repos\org\apache\tomcat\embed\tomcat-embed-core\9.0.12\tomcat-embed-core-9.0.12.jar;D:\new_maven\repos\org\apache\tomcat\embed\tomcat-embed-el\9.0.12\tomcat-embed-el-9.0.12.jar;D:\new_maven\repos\org\apache\tomcat\embed\tomcat-embed-websocket\9.0.12\tomcat-embed-websocket-9.0.12.jar;D:\new_maven\repos\org\hibernate\validator\hibernate-validator\6.0.13.Final\hibernate-validator-6.0.13.Final.jar;D:\new_maven\repos\javax\validation\validation-api\2.0.1.Final\validation-api-2.0.1.Final.jar;D:\new_maven\repos\org\jboss\logging\jboss-logging\3.3.2.Final\jboss-logging-3.3.2.Final.jar;D:\new_maven\repos\org\springframework\spring-web\5.1.2.RELEASE\spring-web-5.1.2.RELEASE.jar;D:\new_maven\repos\org\springframework\spring-beans\5.1.2.RELEASE\spring-beans-5.1.2.RELEASE.jar;D:\new_maven\repos\org\springframework\spring-webmvc\5.1.2.RELEASE\spring-webmvc-5.1.2.RELEASE.jar;D:\new_maven\repos\org\springframework\spring-aop\5.1.2.RELEASE\spring-aop-5.1.2.RELEASE.jar;D:\new_maven\repos\org\springframework\spring-context\5.1.2.RELEASE\spring-context-5.1.2.RELEASE.jar;D:\new_maven\repos\org\springframework\spring-expression\5.1.2.RELEASE\spring-expression-5.1.2.RELEASE.jar;D:\new_maven\repos\org\mybatis\spring\boot\mybatis-spring-boot-starter\2.0.0\mybatis-spring-boot-starter-2.0.0.jar;D:\new_maven\repos\org\springframework\boot\spring-boot-starter-jdbc\2.1.0.RELEASE\spring-boot-starter-jdbc-2.1.0.RELEASE.jar;D:\new_maven\repos\com\zaxxer\HikariCP\3.2.0\HikariCP-3.2.0.jar;D:\new_maven\repos\org\springframework\spring-jdbc\5.1.2.RELEASE\spring-jdbc-5.1.2.RELEASE.jar;D:\new_maven\repos\org\springframework\spring-tx\5.1.2.RELEASE\spring-tx-5.1.2.RELEASE.jar;D:\new_maven\repos\org\mybatis\spring\boot\mybatis-spring-boot-autoconfigure\2.0.0\mybatis-spring-boot-autoconfigure-2.0.0.jar;D:\new_maven\repos\org\mybatis\mybatis\3.5.0\mybatis-3.5.0.jar;D:\new_maven\repos\org\mybatis\mybatis-spring\2.0.0\mybatis-spring-2.0.0.jar;D:\new_maven\repos\org\projectlombok\lombok\1.18.2\lombok-1.18.2.jar;D:\new_maven\repos\com\alibaba\druid-spring-boot-starter\1.1.10\druid-spring-boot-starter-1.1.10.jar;D:\new_maven\repos\com\alibaba\druid\1.1.10\druid-1.1.10.jar;D:\new_maven\repos\org\slf4j\slf4j-api\1.7.25\slf4j-api-1.7.25.jar;D:\new_maven\repos\org\springframework\boot\spring-boot-autoconfigure\2.1.0.RELEASE\spring-boot-autoconfigure-2.1.0.RELEASE.jar;D:\new_maven\repos\mysql\mysql-connector-java\8.0.13\mysql-connector-java-8.0.13.jar;D:\new_maven\repos\com\github\pagehelper\pagehelper-spring-boot-starter\1.2.10\pagehelper-spring-boot-starter-1.2.10.jar;D:\new_maven\repos\com\github\pagehelper\pagehelper-spring-boot-autoconfigure\1.2.10\pagehelper-spring-boot-autoconfigure-1.2.10.jar;D:\new_maven\repos\com\github\pagehelper\pagehelper\5.1.8\pagehelper-5.1.8.jar;D:\new_maven\repos\com\github\jsqlparser\jsqlparser\1.2\jsqlparser-1.2.jar;D:\new_maven\repos\org\json\json\20150729\json-20150729.jar;D:\new_maven\repos\com\alibaba\fastjson\1.1.41\fastjson-1.1.41.jar;D:\new_maven\repos\org\springframework\boot\spring-boot-starter-log4j2\2.1.0.RELEASE\spring-boot-starter-log4j2-2.1.0.RELEASE.jar;D:\new_maven\repos\org\apache\logging\log4j\log4j-slf4j-impl\2.11.1\log4j-slf4j-impl-2.11.1.jar;D:\new_maven\repos\org\apache\logging\log4j\log4j-api\2.11.1\log4j-api-2.11.1.jar;D:\new_maven\repos\org\apache\logging\log4j\log4j-core\2.11.1\log4j-core-2.11.1.jar;D:\new_maven\repos\org\apache\logging\log4j\log4j-jul\2.11.1\log4j-jul-2.11.1.jar;D:\new_maven\repos\org\slf4j\jul-to-slf4j\1.7.25\jul-to-slf4j-1.7.25.jar;D:\new_maven\repos\org\apache\shiro\shiro-spring\1.4.0\shiro-spring-1.4.0.jar;D:\new_maven\repos\org\apache\shiro\shiro-core\1.4.0\shiro-core-1.4.0.jar;D:\new_maven\repos\org\apache\shiro\shiro-lang\1.4.0\shiro-lang-1.4.0.jar;D:\new_maven\repos\org\apache\shiro\shiro-cache\1.4.0\shiro-cache-1.4.0.jar;D:\new_maven\repos\org\apache\shiro\shiro-crypto-hash\1.4.0\shiro-crypto-hash-1.4.0.jar;D:\new_maven\repos\org\apache\shiro\shiro-crypto-core\1.4.0\shiro-crypto-core-1.4.0.jar;D:\new_maven\repos\org\apache\shiro\shiro-crypto-cipher\1.4.0\shiro-crypto-cipher-1.4.0.jar;D:\new_maven\repos\org\apache\shiro\shiro-config-core\1.4.0\shiro-config-core-1.4.0.jar;D:\new_maven\repos\org\apache\shiro\shiro-config-ogdl\1.4.0\shiro-config-ogdl-1.4.0.jar;D:\new_maven\repos\commons-beanutils\commons-beanutils\1.9.3\commons-beanutils-1.9.3.jar;D:\new_maven\repos\commons-collections\commons-collections\3.2.2\commons-collections-3.2.2.jar;D:\new_maven\repos\org\apache\shiro\shiro-event\1.4.0\shiro-event-1.4.0.jar;D:\new_maven\repos\org\apache\shiro\shiro-web\1.4.0\shiro-web-1.4.0.jar;D:\new_maven\repos\org\apache\commons\commons-lang3\3.8.1\commons-lang3-3.8.1.jar;D:\new_maven\repos\io\springfox\springfox-swagger-ui\2.9.2\springfox-swagger-ui-2.9.2.jar;D:\new_maven\repos\io\springfox\springfox-spring-web\2.9.2\springfox-spring-web-2.9.2.jar;D:\new_maven\repos\io\springfox\springfox-swagger2\2.9.2\springfox-swagger2-2.9.2.jar;D:\new_maven\repos\io\swagger\swagger-annotations\1.5.20\swagger-annotations-1.5.20.jar;D:\new_maven\repos\io\swagger\swagger-models\1.5.20\swagger-models-1.5.20.jar;D:\new_maven\repos\io\springfox\springfox-spi\2.9.2\springfox-spi-2.9.2.jar;D:\new_maven\repos\io\springfox\springfox-core\2.9.2\springfox-core-2.9.2.jar;D:\new_maven\repos\net\bytebuddy\byte-buddy\1.9.3\byte-buddy-1.9.3.jar;D:\new_maven\repos\io\springfox\springfox-schema\2.9.2\springfox-schema-2.9.2.jar;D:\new_maven\repos\io\springfox\springfox-swagger-common\2.9.2\springfox-swagger-common-2.9.2.jar;D:\new_maven\repos\com\fasterxml\classmate\1.4.0\classmate-1.4.0.jar;D:\new_maven\repos\org\springframework\plugin\spring-plugin-core\1.2.0.RELEASE\spring-plugin-core-1.2.0.RELEASE.jar;D:\new_maven\repos\org\springframework\plugin\spring-plugin-metadata\1.2.0.RELEASE\spring-plugin-metadata-1.2.0.RELEASE.jar;D:\new_maven\repos\org\mapstruct\mapstruct\1.2.0.Final\mapstruct-1.2.0.Final.jar;D:\new_maven\repos\com\google\guava\guava\27.0.1-jre\guava-27.0.1-jre.jar;D:\new_maven\repos\com\google\guava\failureaccess\1.0.1\failureaccess-1.0.1.jar;D:\new_maven\repos\com\google\guava\listenablefuture\9999.0-empty-to-avoid-conflict-with-guava\listenablefuture-9999.0-empty-to-avoid-conflict-with-guava.jar;D:\new_maven\repos\com\google\code\findbugs\jsr305\3.0.2\jsr305-3.0.2.jar;D:\new_maven\repos\org\checkerframework\checker-qual\2.5.2\checker-qual-2.5.2.jar;D:\new_maven\repos\com\google\errorprone\error_prone_annotations\2.2.0\error_prone_annotations-2.2.0.jar;D:\new_maven\repos\com\google\j2objc\j2objc-annotations\1.1\j2objc-annotations-1.1.jar;D:\new_maven\repos\org\codehaus\mojo\animal-sniffer-annotations\1.17\animal-sniffer-annotations-1.17.jar;D:\new_maven\repos\com\sun\jna\jna\4.5.1\jna-4.5.1.jar;D:\new_maven\repos\io\grpc\grpc-netty\1.18.0\grpc-netty-1.18.0.jar;D:\new_maven\repos\io\grpc\grpc-core\1.18.0\grpc-core-1.18.0.jar;D:\new_maven\repos\io\grpc\grpc-context\1.18.0\grpc-context-1.18.0.jar;D:\new_maven\repos\com\google\code\gson\gson\2.8.5\gson-2.8.5.jar;D:\new_maven\repos\io\opencensus\opencensus-api\0.18.0\opencensus-api-0.18.0.jar;D:\new_maven\repos\io\opencensus\opencensus-contrib-grpc-metrics\0.18.0\opencensus-contrib-grpc-metrics-0.18.0.jar;D:\new_maven\repos\io\netty\netty-codec-http2\4.1.29.Final\netty-codec-http2-4.1.29.Final.jar;D:\new_maven\repos\io\netty\netty-codec-http\4.1.29.Final\netty-codec-http-4.1.29.Final.jar;D:\new_maven\repos\io\netty\netty-codec\4.1.29.Final\netty-codec-4.1.29.Final.jar;D:\new_maven\repos\io\netty\netty-handler\4.1.29.Final\netty-handler-4.1.29.Final.jar;D:\new_maven\repos\io\netty\netty-buffer\4.1.29.Final\netty-buffer-4.1.29.Final.jar;D:\new_maven\repos\io\netty\netty-common\4.1.29.Final\netty-common-4.1.29.Final.jar;D:\new_maven\repos\io\netty\netty-transport\4.1.29.Final\netty-transport-4.1.29.Final.jar;D:\new_maven\repos\io\netty\netty-resolver\4.1.29.Final\netty-resolver-4.1.29.Final.jar;D:\new_maven\repos\io\grpc\grpc-protobuf\1.18.0\grpc-protobuf-1.18.0.jar;D:\new_maven\repos\com\google\protobuf\protobuf-java\3.5.1\protobuf-java-3.5.1.jar;D:\new_maven\repos\org\checkerframework\checker-compat-qual\2.5.2\checker-compat-qual-2.5.2.jar;D:\new_maven\repos\com\google\api\grpc\proto-google-common-protos\1.12.0\proto-google-common-protos-1.12.0.jar;D:\new_maven\repos\io\grpc\grpc-protobuf-lite\1.18.0\grpc-protobuf-lite-1.18.0.jar;D:\new_maven\repos\io\grpc\grpc-stub\1.18.0\grpc-stub-1.18.0.jar;D:\new_maven\repos\net\devh\grpc-server-spring-boot-starter\2.2.0.RELEASE\grpc-server-spring-boot-starter-2.2.0.RELEASE.jar;D:\new_maven\repos\net\devh\grpc-server-spring-boot-autoconfigure\2.2.0.RELEASE\grpc-server-spring-boot-autoconfigure-2.2.0.RELEASE.jar;D:\new_maven\repos\net\devh\grpc-common-spring-boot\2.2.0.RELEASE\grpc-common-spring-boot-2.2.0.RELEASE.jar;D:\new_maven\repos\io\grpc\grpc-services\1.17.1\grpc-services-1.17.1.jar;D:\new_maven\repos\com\google\protobuf\protobuf-java-util\3.5.1\protobuf-java-util-3.5.1.jar;D:\new_maven\repos\com\google\re2j\re2j\1.2\re2j-1.2.jar;"/>
    <property name="sun.cpu.endian" value="little"/>
    <property name="user.home" value="C:\Users\简二娃"/>
    <property name="user.language" value="zh"/>
    <property name="java.specification.vendor" value="Oracle Corporation"/>
    <property name="java.home" value="C:\Program Files\Java\jdk1.8.0_181\jre"/>
    <property name="basedir" value="D:\new_workspace\boot-parent\boot-service"/>
    <property name="file.separator" value="\"/>
    <property name="line.separator" value="&#10;"/>
    <property name="java.vm.specification.vendor" value="Oracle Corporation"/>
    <property name="java.specification.name" value="Java Platform API Specification"/>
    <property name="java.awt.graphicsenv" value="sun.awt.Win32GraphicsEnvironment"/>
    <property name="surefire.real.class.path" value="C:\Users\简二娃\AppData\Local\Temp\surefire5091064696810291035\surefirebooter3512108231476681506.jar"/>
    <property name="sun.boot.class.path" value="C:\Program Files\Java\jdk1.8.0_181\jre\lib\resources.jar;C:\Program Files\Java\jdk1.8.0_181\jre\lib\rt.jar;C:\Program Files\Java\jdk1.8.0_181\jre\lib\sunrsasign.jar;C:\Program Files\Java\jdk1.8.0_181\jre\lib\jsse.jar;C:\Program Files\Java\jdk1.8.0_181\jre\lib\jce.jar;C:\Program Files\Java\jdk1.8.0_181\jre\lib\charsets.jar;C:\Program Files\Java\jdk1.8.0_181\jre\lib\jfr.jar;C:\Program Files\Java\jdk1.8.0_181\jre\classes"/>
    <property name="user.script" value=""/>
    <property name="sun.management.compiler" value="HotSpot 64-Bit Tiered Compilers"/>
    <property name="java.runtime.version" value="1.8.0_181-b13"/>
    <property name="user.name" value="jianlinwei"/>
    <property name="path.separator" value=";"/>
    <property name="os.version" value="6.3"/>
    <property name="java.endorsed.dirs" value="C:\Program Files\Java\jdk1.8.0_181\jre\lib\endorsed"/>
    <property name="java.runtime.name" value="Java(TM) SE Runtime Environment"/>
    <property name="file.encoding" value="GBK"/>
    <property name="java.vm.name" value="Java HotSpot(TM) 64-Bit Server VM"/>
    <property name="localRepository" value="D:\new_maven\repos"/>
    <property name="java.vendor.url.bug" value="http://bugreport.sun.com/bugreport/"/>
    <property name="java.io.tmpdir" value="C:\Users\简二娃\AppData\Local\Temp\"/>
    <property name="java.version" value="1.8.0_181"/>
    <property name="user.dir" value="D:\new_workspace\boot-parent\boot-service"/>
    <property name="os.arch" value="amd64"/>
    <property name="java.vm.specification.name" value="Java Virtual Machine Specification"/>
    <property name="java.awt.printerjob" value="sun.awt.windows.WPrinterJob"/>
    <property name="sun.os.patch.level" value=""/>
    <property name="java.library.path" value="C:\Program Files\Java\jdk1.8.0_181\jre\bin;C:\Windows\Sun\Java\bin;C:\Windows\system32;C:\Windows;C:/Program Files/Java/jre1.8.0_181/bin/server;C:/Program Files/Java/jre1.8.0_181/bin;C:/Program Files/Java/jre1.8.0_181/lib/amd64;C:\Program Files (x86)\NetSarang\Xshell 6\;C:\ProgramData\Oracle\Java\javapath;C:\Program Files (x86)\Common Files\Oracle\Java\javapath;C:\Program Files\Java\jdk1.8.0_181\bin;C:\Program Files\Java\jdk1.8.0_181\jre\bin;D:\Program Files (x86)\Inno Setup 5;C:\Windows\system32;C:\Windows;C:\Windows\system32\wbem;C:\Program Files\nodejs\;D:\Program Files\Microsoft VS Code\bin;D:\Program Files\Python\Scripts\;D:\Program Files\Python\;C:\Users\简二娃\AppData\Local\Programs\Python\Python37\Scripts\;C:\Users\简二娃\AppData\Local\Programs\Python\Python37\;C:\Program Files (x86)\Microsoft Visual Studio\Common\Tools\WinNT;C:\Program Files (x86)\Microsoft Visual Studio\Common\MSDev98\Bin;C:\Program Files (x86)\Microsoft Visual Studio\Common\Tools;C:\Program Files (x86)\Microsoft Visual Studio\VC98\bin;D:\new_workspace_c\emgucv-windesktop 3.3.0.2824\bin;C:\Users\简二娃\AppData\Roaming\npm;D:\Java工具\eclipse;;."/>
    <property name="java.vm.info" value="mixed mode"/>
    <property name="java.vendor" value="Oracle Corporation"/>
    <property name="java.vm.version" value="25.181-b13"/>
    <property name="java.ext.dirs" value="C:\Program Files\Java\jdk1.8.0_181\jre\lib\ext;C:\Windows\Sun\Java\lib\ext"/>
    <property name="sun.io.unicode.encoding" value="UnicodeLittle"/>
    <property name="java.class.version" value="52.0"/>
  </properties>
  <testcase name="testApp" classname="org.boot.service.AppTest" time="0.002"/>
</testsuite>